<?xml version="1.0" encoding="UTF-8"?>
<!-- Generated by org.testng.reporters.JUnitXMLReporter -->
<testsuite ignored="0" hostname="DESKTOP-6F8TR2V" failures="0" tests="1" name="Test1" time="0.129" errors="0" timestamp="2023-02-28T04:25:02 IST">
  <testcase classname="Generic_Utilities.BaseClass" name="@BeforeMethod BM" time="0.004">
    <failure type="java.lang.NullPointerException" message="Cannot invoke &amp;quot;org.openqa.selenium.WebDriver.get(String)&amp;quot; because &amp;quot;this.driver&amp;quot; is null">
      <![CDATA[java.lang.NullPointerException: Cannot invoke "org.openqa.selenium.WebDriver.get(String)" because "this.driver" is null
at Generic_Utilities.BaseClass.BM(BaseClass.java:85)
at java.base/java.util.ArrayList.forEach(ArrayList.java:1511)
at java.base/java.util.concurrent.FutureTask.run(FutureTask.java:264)
at java.base/java.util.concurrent.ThreadPoolExecutor.runWorker(ThreadPoolExecutor.java:1136)
at java.base/java.util.concurrent.ThreadPoolExecutor$Worker.run(ThreadPoolExecutor.java:635)
at java.base/java.lang.Thread.run(Thread.java:833)
... Removed 20 stack frames]]>
    </failure>
  </testcase> <!-- @BeforeMethod BM -->
  <testcase classname="Generic_Utilities.BaseClass" name="@AfterMethod AF" time="-1.677538502437E9">
    <skipped/>
  </testcase> <!-- @AfterMethod AF -->
  <testcase classname="Generic_Utilities.BaseClass" name="@AfterClass AC" time="-1.677538502443E9">
    <skipped/>
  </testcase> <!-- @AfterClass AC -->
  <testcase classname="practice.SampleTest" name="createOrganisationTest" time="0.0">
    <skipped/>
  </testcase> <!-- createOrganisationTest -->
</testsuite> <!-- Test1 -->
